Flow report for projeto2_PSD
Thu Dec  1 14:52:48 2022
Quartus Prime Version 21.1.0 Build 842 10/21/2021 SJ Lite Edition


---------------------
; Table of Contents ;
---------------------
  1. Legal Notice
  2. Flow Summary
  3. Flow Settings
  4. Flow Non-Default Global Settings
  5. Flow Elapsed Time
  6. Flow OS Summary
  7. Flow Log
  8. Flow Messages
  9. Flow Suppressed Messages



----------------
; Legal Notice ;
----------------
Copyright (C) 2021  Intel Corporation. All rights reserved.
Your use of Intel Corporation's design tools, logic functions 
and other software and tools, and any partner logic 
functions, and any output files from any of the foregoing 
(including device programming or simulation files), and any 
associated documentation or information are expressly subject 
to the terms and conditions of the Intel Program License 
Subscription Agreement, the Intel Quartus Prime License Agreement,
the Intel FPGA IP License Agreement, or other applicable license
agreement, including, without limitation, that your use is for
the sole purpose of programming logic devices manufactured by
Intel and sold by Intel or its authorized distributors.  Please
refer to the applicable agreement for further details, at
https://fpgasoftware.intel.com/eula.



+----------------------------------------------------------------------------------+
; Flow Summary                                                                     ;
+------------------------------------+---------------------------------------------+
; Flow Status                        ; Successful - Thu Dec  1 14:52:48 2022       ;
; Quartus Prime Version              ; 21.1.0 Build 842 10/21/2021 SJ Lite Edition ;
; Revision Name                      ; projeto2_PSD                                ;
; Top-level Entity Name              ; bloco_elevador                              ;
; Family                             ; Cyclone IV E                                ;
; Device                             ; EP4CE115F29C7                               ;
; Timing Models                      ; Final                                       ;
; Total logic elements               ; 83 / 114,480 ( < 1 % )                      ;
;     Total combinational functions  ; 83 / 114,480 ( < 1 % )                      ;
;     Dedicated logic registers      ; 29 / 114,480 ( < 1 % )                      ;
; Total registers                    ; 29                                          ;
; Total pins                         ; 25 / 529 ( 5 % )                            ;
; Total virtual pins                 ; 0                                           ;
; Total memory bits                  ; 0 / 3,981,312 ( 0 % )                       ;
; Embedded Multiplier 9-bit elements ; 0 / 532 ( 0 % )                             ;
; Total PLLs                         ; 0 / 4 ( 0 % )                               ;
+------------------------------------+---------------------------------------------+


+-----------------------------------------+
; Flow Settings                           ;
+-------------------+---------------------+
; Option            ; Setting             ;
+-------------------+---------------------+
; Start date & time ; 12/01/2022 14:52:17 ;
; Main task         ; Compilation         ;
; Revision Name     ; projeto2_PSD        ;
+-------------------+---------------------+


+---------------------------------------------------------------------------------------------------------------------------------------------------+
; Flow Non-Default Global Settings                                                                                                                  ;
+-------------------------------------+----------------------------------------+---------------+----------------+-----------------------------------+
; Assignment Name                     ; Value                                  ; Default Value ; Entity Name    ; Section Id                        ;
+-------------------------------------+----------------------------------------+---------------+----------------+-----------------------------------+
; COMPILER_SIGNATURE_ID               ; 10995770589195.166991713701980         ; --            ; --             ; --                                ;
; EDA_GENERATE_FUNCTIONAL_NETLIST     ; Off                                    ; --            ; --             ; eda_board_design_timing           ;
; EDA_GENERATE_FUNCTIONAL_NETLIST     ; Off                                    ; --            ; --             ; eda_board_design_boundary_scan    ;
; EDA_GENERATE_FUNCTIONAL_NETLIST     ; Off                                    ; --            ; --             ; eda_board_design_signal_integrity ;
; EDA_GENERATE_FUNCTIONAL_NETLIST     ; Off                                    ; --            ; --             ; eda_board_design_symbol           ;
; EDA_OUTPUT_DATA_FORMAT              ; Verilog Hdl                            ; --            ; --             ; eda_simulation                    ;
; EDA_SIMULATION_TOOL                 ; Questa Intel FPGA (Verilog)            ; <None>        ; --             ; --                                ;
; EDA_TIME_SCALE                      ; 1 ps                                   ; --            ; --             ; eda_simulation                    ;
; MAX_CORE_JUNCTION_TEMP              ; 85                                     ; --            ; --             ; --                                ;
; MIN_CORE_JUNCTION_TEMP              ; 0                                      ; --            ; --             ; --                                ;
; NOMINAL_CORE_SUPPLY_VOLTAGE         ; 1.2V                                   ; --            ; --             ; --                                ;
; PARTITION_COLOR                     ; -- (Not supported for targeted family) ; --            ; bloco_elevador ; Top                               ;
; PARTITION_FITTER_PRESERVATION_LEVEL ; -- (Not supported for targeted family) ; --            ; bloco_elevador ; Top                               ;
; PARTITION_NETLIST_TYPE              ; -- (Not supported for targeted family) ; --            ; bloco_elevador ; Top                               ;
; PROJECT_OUTPUT_DIRECTORY            ; output_files                           ; --            ; --             ; --                                ;
; TOP_LEVEL_ENTITY                    ; bloco_elevador                         ; projeto2_PSD  ; --             ; --                                ;
+-------------------------------------+----------------------------------------+---------------+----------------+-----------------------------------+


+--------------------------------------------------------------------------------------------------------------------------+
; Flow Elapsed Time                                                                                                        ;
+----------------------+--------------+-------------------------+---------------------+------------------------------------+
; Module Name          ; Elapsed Time ; Average Processors Used ; Peak Virtual Memory ; Total CPU Time (on all processors) ;
+----------------------+--------------+-------------------------+---------------------+------------------------------------+
; Analysis & Synthesis ; 00:00:09     ; 1.0                     ; 4830 MB             ; 00:00:18                           ;
; Fitter               ; 00:00:14     ; 1.0                     ; 5707 MB             ; 00:00:21                           ;
; Assembler            ; 00:00:03     ; 1.0                     ; 4718 MB             ; 00:00:03                           ;
; Timing Analyzer      ; 00:00:02     ; 1.1                     ; 4848 MB             ; 00:00:02                           ;
; EDA Netlist Writer   ; 00:00:00     ; 1.0                     ; 4647 MB             ; 00:00:01                           ;
; Total                ; 00:00:28     ; --                      ; --                  ; 00:00:45                           ;
+----------------------+--------------+-------------------------+---------------------+------------------------------------+


+------------------------------------------------------------------------------------+
; Flow OS Summary                                                                    ;
+----------------------+------------------+------------+------------+----------------+
; Module Name          ; Machine Hostname ; OS Name    ; OS Version ; Processor type ;
+----------------------+------------------+------------+------------+----------------+
; Analysis & Synthesis ; 6-306-08         ; Windows 10 ; 10.0       ; x86_64         ;
; Fitter               ; 6-306-08         ; Windows 10 ; 10.0       ; x86_64         ;
; Assembler            ; 6-306-08         ; Windows 10 ; 10.0       ; x86_64         ;
; Timing Analyzer      ; 6-306-08         ; Windows 10 ; 10.0       ; x86_64         ;
; EDA Netlist Writer   ; 6-306-08         ; Windows 10 ; 10.0       ; x86_64         ;
+----------------------+------------------+------------+------------+----------------+


------------
; Flow Log ;
------------
quartus_map --read_settings_files=on --write_settings_files=off projeto2_PSD -c projeto2_PSD
quartus_fit --read_settings_files=off --write_settings_files=off projeto2_PSD -c projeto2_PSD
quartus_asm --read_settings_files=off --write_settings_files=off projeto2_PSD -c projeto2_PSD
quartus_sta projeto2_PSD -c projeto2_PSD
quartus_eda --read_settings_files=off --write_settings_files=off projeto2_PSD -c projeto2_PSD



